{"/home/aac-devs/wizeline/jest-course/src/arrays.js": {"path":"/home/aac-devs/wizeline/jest-course/src/arrays.js","statementMap":{"0":{"start":{"line":2,"column":2},"end":{"line":2,"column":71}},"1":{"start":{"line":6,"column":2},"end":{"line":6,"column":49}},"2":{"start":{"line":9,"column":0},"end":{"line":9,"column":42}}},"fnMap":{"0":{"name":"carsList","decl":{"start":{"line":1,"column":9},"end":{"line":1,"column":17}},"loc":{"start":{"line":1,"column":20},"end":{"line":3,"column":1}},"line":1},"1":{"name":"brandsList","decl":{"start":{"line":5,"column":9},"end":{"line":5,"column":19}},"loc":{"start":{"line":5,"column":22},"end":{"line":7,"column":1}},"line":5}},"branchMap":{},"s":{"0":3,"1":1,"2":1},"f":{"0":3,"1":1},"b":{},"_coverageSchema":"1a1c01bbd47fc00a2c39e90264f33305004495a9","hash":"be5dc3030949c16cb62d671f2464098533d7277d"}
,"/home/aac-devs/wizeline/jest-course/src/sum.js": {"path":"/home/aac-devs/wizeline/jest-course/src/sum.js","statementMap":{"0":{"start":{"line":2,"column":2},"end":{"line":2,"column":15}},"1":{"start":{"line":5,"column":0},"end":{"line":5,"column":21}}},"fnMap":{"0":{"name":"sum","decl":{"start":{"line":1,"column":9},"end":{"line":1,"column":12}},"loc":{"start":{"line":1,"column":19},"end":{"line":3,"column":1}},"line":1}},"branchMap":{},"s":{"0":4,"1":1},"f":{"0":4},"b":{},"_coverageSchema":"1a1c01bbd47fc00a2c39e90264f33305004495a9","hash":"43b07da282f2a479848525a925438c9c0d5dbc89"}
}
